[RUN #0 10 10]
195 -192 -261 -392 784 291 -61 760 967 -556
-297 -537 -774 779 985 -187 -568 -249 691 86
-216 681 907 226 622 -998 797 4 -807 203
198 139 954 -624 -949 528 568 -609 -349 -475
496 762 436 -108 770 -302 473 919 -258 -862
-540 -91 -16 744 -850 411 278 635 921 944
-152 760 230 -413 23 -17 -537 98 189 364
-75 189 748 -57 -603 575 -285 -213 538 671
-548 -5 -376 47 582 251 542 -46 690 -119
-748 -509 -403 764 871 333 -766 727 -655 137
[RUN #1 10 10]
-297 741 -206 -529 991 -964 -23 -475 987 -857
-302 -774 648 525 -693 -686 998 383 -831 992
-737 -16 -927 -650 -700 598 279 -207 -817 -117
-707 -335 -661 724 120 -24 949 994 568 818
767 -223 657 322 577 -175 311 733 -20 107
407 -314 997 27 456 336 -353 577 433 290
-301 -565 323 574 -829 -103 -145 -97 729 529
-928 738 796 -955 -936 362 715 341 -425 -324
-886 -442 -194 -523 464 -271 963 846 -876 -907
-674 -74 375 994 367 976 -485 652 674 -312
[RUN #2 10 10]
-181 -881 503 711 958 276 238 -36 286 396
-274 422 96 162 205 -98 -390 227 848 -497
-775 506 -652 -438 -843 271 440 -177 580 931
577 293 687 524 40 978 314 -862 -756 414
-8 104 -481 50 -929 -904 -908 -631 437 4
838 168 696 -141 955 -683 -390 9 -217 503
290 -745 -74 915 17 855 571 243 -254 -304
493 617 584 -144 -322 168 941 608 -812 -664
-990 -521 -41 282 885 599 -540 30 -29 -328
-902 874 -283 -888 -404 559 686 968 -434 -274
[RUN #3 100 10]
-251 58 -237 -168 545 253 584 -809 547 191 -747 -506 -791 -907 -428 529 537 -450 -670 -794 528 902 788 693 -771 185 -847 971 69 630 -869 -252 -131 210 -834 211 618 687 -41 4 113 271 -515 -256 -696 -287 876 -304 -471 -919 381 -736 257 317 -777 755 -39 324 684 914 -239 -589 -23 678 -830 -850 -187 874 -964 -653 336 -932 483 993 51 -569 14 -440 646 573 -577 601 514 -658 -90 -378 638 356 -215 -751 647 -6 99 -33 235 -473 -996 734 -944 498
-967 -933 -710 365 270 343 126 -195 -340 -533 -866 -815 290 -145 27 -57 -481 273 535 444 729 208 596 -961 609 -719 541 127 590 269 17 -245 494 827 452 -892 -380 -112 157 853 478 8 728 125 317 -695 905 55 -677 -204 124 -722 -424 -153 -209 -755 261 -878 656 -728 787 -262 897 934 -255 -762 737 -877 -486 659 -106 -889 -28 -917 -882 -389 -621 -994 -922 -831 -376 367 665 -1 990 206 531 921 212 304 818 476 35 566 -479 615 -840 -495 302 425
-928 178 888 -242 552 207 -93 672 -19 553 697 904 -56 778 -448 985 406 173 -825 272 -63 78 658 -717 656 -186 -76 119 439 724 226 314 -837 -220 -500 -768 363 -211 327 -106 57 -413 -185 497 89 856 -751 425 -499 -595 -298 -790 21 -292 159 -615 -291 -799 -681 812 878 -899 -675 805 -420 -99 184 305 271 -772 145 -22 -160 402 234 -116 -551 931 654 -489 477 -380 -814 429 -997 -471 773 674 -664 -546 -280 -871 -47 -608 108 978 -996 286 -532 -639
-277 778 -757 240 887 496 -301 -34 -859 -708 -410 244 -633 -318 625 -167 -993 -502 819 -333 931 -373 171 -488 313 -442 263 -845 -799 60 278 -307 711 721 42 932 -178 431 -147 -542 -604 103 629 -497 264 -883 -930 999 -929 -377 430 -164 6 -182 -545 337 537 -823 511 -556 201 3 -97 -808 -784 -168 826 662 -30 831 323 -540 697 959 -247 983 -874 979 -120 -890 -911 599 884 -337 -240 -535 734 -150 -90 -459 -154 -812 -460 -997 -16 -792 792 613 -919 966
307 39 811 101 -63 859 -957 -429 561 187 -925 -207 636 -637 501 294 952 -345 -763 -420 902 -938 106 897 617 -193 -724 968 169 -665 653 277 -591 920 -996 828 392 -140 -178 -86 -721 332 -508 802 783 697 -845 845 -756 -191 -851 -430 230 -142 4 -497 -609 -74 -71 -413 527 -623 98 -12 -206 -694 -47 -143 665 26 -829 -828 -343 -791 -802 -853 -557 -148 684 -994 -860 -250 953 119 236 77 467 -723 -898 -781 -363 -679 -419 -889 521 746 -975 -837 -138 58
609 -222 50 958 825 348 -339 203 -261 113 24 798 -712 100 -266 -798 645 474 -506 894 313 -475 877 776 365 562 480 -603 -392 -585 549 925 -724 216 -730 -407 293 -759 571 373 -579 -94 312 285 893 559 -12 -482 809 -823 410 -855 174 -196 833 411 -471 -84 -278 967 903 632 -25 -414 141 929 -653 760 667 -955 -100 -747 -740 -965 698 -343 654 -430 869 -521 -972 -715 424 -893 486 686 306 -327 917 -509 -513 268 516 -120 -89 -728 -716 -688 -772 -335
890 -407 806 322 -644 -99 -77 -399 -173 -121 -28 345 -970 774 458 121 775 -963 -170 662 393 152 -878 596 148 82 -87 732 -584 523 -510 270 221 -149 738 -31 -749 122 365 -994 524 563 -64 -40 839 -460 4 -36 -600 -959 853 -533 -554 927 -34 -227 -803 -546 510 278 -211 795 -888 -198 666 584 -278 -702 -448 9 493 149 346 -813 -788 -617 -219 -557 496 577 24 -890 -891 260 -235 444 256 -832 -215 -548 -476 -428 -626 552 531 651 286 -926 -182 -176
340 -673 -348 311 889 883 -646 -365 674 586 174 658 655 -580 -969 -532 913 774 -89 -156 374 -599 -797 792 -789 -723 -71 128 -587 626 -190 -100 -214 688 -164 300 -535 -694 395 637 -81 602 -947 -273 -326 734 922 -991 -689 954 542 2 -225 379 151 -772 157 -389 -252 894 -423 -857 378 367 -958 569 -321 -690 -518 454 208 235 520 -464 -903 211 524 -299 904 -382 815 -743 590 821 -977 -657 -929 -614 -417 -15 -517 -521 144 -841 81 183 -1000 -236 -840 417
264 -282 109 -505 318 735 448 595 -125 585 -483 745 432 -725 372 168 711 578 684 -746 525 492 642 -107 704 458 988 943 -908 -881 954 -446 -685 663 68 683 10 -647 589 485 -737 639 -495 375 -114 -861 982 319 851 98 -915 213 242 -507 770 772 -501 -646 656 -683 -675 719 870 -291 -33 -988 40 -201 722 996 -723 785 -319 -3 179 -416 905 -468 -278 504 -456 250 -379 716 -458 211 -536 -793 -313 467 -336 -89 -889 805 494 665 26 866 -131 -366
530 893 448 -126 395 210 -974 -757 -114 -894 694 -528 525 -700 -777 -856 -742 -857 912 -134 3 -225 -258 -756 904 -603 92 39 -924 -411 -431 -389 285 -783 938 -514 136 604 622 -639 930 -241 -251 999 -275 164 -494 -355 531 557 441 -447 -332 -282 112 269 856 228 480 447 -541 -216 -764 -325 314 811 337 -785 405 -491 -179 751 547 -243 83 -772 743 386 -276 -767 -326 71 -71 839 369 675 -467 276 964 -35 670 108 972 282 406 -847 698 384 -39 271
